<?xml version="1.0" encoding="UTF-8"?>
<!-- Generated by org.testng.reporters.JUnitXMLReporter -->
<testsuite ignored="4" hostname="Rahul" failures="1" tests="5" name="Test" time="83.034" errors="0" timestamp="2025-06-25T20:50:29 IST">
  <testcase classname="tests.HomepageVerificationTest" name="printAllCategory" time="1.749"/>
  <testcase classname="tests.ProductSelectionTest" name="selectAddProductToCart" time="10.78"/>
  <testcase classname="tests.CheckoutTest" name="verifyCheckoutFlow" time="10.033"/>
  <testcase classname="tests.UserRegistrationTest" name="userRegisterPositive" time="19.354"/>
  <testcase classname="tests.UserRegisterNegativeTest" name="UserRegisterNegative" time="17.333">
    <failure type="java.lang.AssertionError" message="expected [CHECKOUT CONFIRMATION] but found [CREATE ACCOUNT]">
      <![CDATA[java.lang.AssertionError: expected [CHECKOUT CONFIRMATION] but found [CREATE ACCOUNT]
at tests.UserRegisterNegativeTest.UserRegisterNegative(UserRegisterNegativeTest.java:36)
at java.base/java.util.ArrayList.forEach(ArrayList.java:1596)
... Removed 31 stack frames]]>
    </failure>
  </testcase> <!-- UserRegisterNegative -->
  <testcase classname="tests.BaseTest" name="@BeforeSuite startReport" time="0.0">
    <ignored/>
  </testcase> <!-- @BeforeSuite startReport -->
  <testcase classname="tests.BaseTest" name="@BeforeSuite startReport" time="0.0">
    <ignored/>
  </testcase> <!-- @BeforeSuite startReport -->
  <testcase classname="tests.BaseTest" name="@BeforeSuite startReport" time="0.0">
    <ignored/>
  </testcase> <!-- @BeforeSuite startReport -->
  <testcase classname="tests.BaseTest" name="@BeforeSuite startReport" time="0.0">
    <ignored/>
  </testcase> <!-- @BeforeSuite startReport -->
</testsuite> <!-- Test -->
